2024-02-15 01:31:16,471 [INFO] Activator:176 - 


2024-02-15 01:31:16,480 [INFO] Activator:177 - !SESSION log4j initialized
2024-02-15 01:31:21,764 [INFO] LogOutputStream:77 - [STDOUT_REDIRECT] 
2024-02-15 01:31:22,738 [INFO] ApplicationProperties:184 - Using Application install path: O:\STM32CubeIDE_1.13.2\STM32CubeIDE\plugins\com.st.stm32cube.common.mx_6.9.2.202309101412
2024-02-15 01:31:22,758 [INFO] DbMcusXml:78 - Set database path to: O:\STM32CubeIDE_1.13.2\STM32CubeIDE\plugins\com.st.stm32cube.common.mx_6.9.2.202309101412\\db\/mcu/
2024-02-15 01:31:22,758 [INFO] ApiDb:274 - Set plugin database path to: O:\STM32CubeIDE_1.13.2\STM32CubeIDE\plugins\com.st.stm32cube.common.mx_6.9.2.202309101412\\db\/plugins/boardmanager/
2024-02-15 01:31:22,758 [WARN] ApiDb:259 - Overriding images path with different value:  => O:\STM32CubeIDE_1.13.2\STM32CubeIDE\plugins\com.st.stm32cube.common.mx_6.9.2.202309101412\\db\/plugins/mcufinder/images/
2024-02-15 01:31:22,772 [INFO] ApiDb:250 - Set database path to: C:\Users\ledin\.stmcufinder\plugins\mcufinder//mcu/
2024-02-15 01:31:22,773 [INFO] DbMcusAds:125 - Set database path to: C:\Users\ledin\.stmcufinder\plugins\mcufinder//mcu/
2024-02-15 01:31:22,775 [INFO] CrossReferenceDbSqlite:203 - Set database path to: C:\Users\ledin\.stmcufinder\plugins\mcufinder//mcu/cs/
2024-02-15 01:31:22,908 [INFO] RulesReader:64 - Compatibility file has been processed (293 Rules)
2024-02-15 01:31:22,999 [INFO] DbMcusXml:78 - Set database path to: O:\STM32CubeIDE_1.13.2\STM32CubeIDE\plugins\com.st.stm32cube.common.mx_6.9.2.202309101412\\db\/mcu/
2024-02-15 01:31:22,999 [INFO] ApiDb:274 - Set plugin database path to: O:\STM32CubeIDE_1.13.2\STM32CubeIDE\plugins\com.st.stm32cube.common.mx_6.9.2.202309101412\\db\/plugins/boardmanager/
2024-02-15 01:31:22,999 [INFO] ApiDb:261 - Set plugin images path to: O:\STM32CubeIDE_1.13.2\STM32CubeIDE\plugins\com.st.stm32cube.common.mx_6.9.2.202309101412\\db\/plugins/mcufinder/images/
2024-02-15 01:31:22,999 [WARN] DbFile:41 - Overriding database path with different value: C:\Users\ledin\.stmcufinder\plugins\mcufinder/ => C:\Users\ledin\.stmcufinder\plugins\mcufinder
2024-02-15 01:31:23,000 [INFO] ApiDb:250 - Set database path to: C:\Users\ledin\.stmcufinder\plugins\mcufinder//mcu/
2024-02-15 01:31:23,000 [WARN] DbFile:41 - Overriding database path with different value: C:\Users\ledin\.stmcufinder\plugins\mcufinder/ => C:\Users\ledin\.stmcufinder\plugins\mcufinder
2024-02-15 01:31:23,000 [INFO] DbMcusAds:125 - Set database path to: C:\Users\ledin\.stmcufinder\plugins\mcufinder//mcu/
2024-02-15 01:31:23,000 [WARN] DbFile:41 - Overriding database path with different value: C:\Users\ledin\.stmcufinder\plugins\mcufinder/ => C:\Users\ledin\.stmcufinder\plugins\mcufinder
2024-02-15 01:31:23,000 [WARN] DbFile:41 - Overriding database path with different value: C:\Users\ledin\.stmcufinder\plugins\mcufinder/ => C:\Users\ledin\.stmcufinder\plugins\mcufinder
2024-02-15 01:31:23,000 [INFO] CrossReferenceDbSqlite:203 - Set database path to: C:\Users\ledin\.stmcufinder\plugins\mcufinder//mcu/cs/
2024-02-15 01:31:23,092 [INFO] MainPanel:262 - HeapMemory: 268435456
2024-02-15 01:31:23,208 [INFO] DbMcusXml:78 - Set database path to: O:\STM32CubeIDE_1.13.2\STM32CubeIDE\plugins\com.st.stm32cube.common.mx_6.9.2.202309101412\\db\/mcu/
2024-02-15 01:31:23,208 [INFO] ApiDb:274 - Set plugin database path to: O:\STM32CubeIDE_1.13.2\STM32CubeIDE\plugins\com.st.stm32cube.common.mx_6.9.2.202309101412\\db\/plugins/boardmanager/
2024-02-15 01:31:23,208 [INFO] ApiDb:261 - Set plugin images path to: O:\STM32CubeIDE_1.13.2\STM32CubeIDE\plugins\com.st.stm32cube.common.mx_6.9.2.202309101412\\db\/plugins/mcufinder/images/
2024-02-15 01:31:23,209 [WARN] DbFile:41 - Overriding database path with different value: C:\Users\ledin\.stmcufinder\plugins\mcufinder/ => C:\Users\ledin\.stmcufinder\plugins\mcufinder
2024-02-15 01:31:23,209 [INFO] ApiDb:250 - Set database path to: C:\Users\ledin\.stmcufinder\plugins\mcufinder//mcu/
2024-02-15 01:31:23,209 [WARN] DbFile:41 - Overriding database path with different value: C:\Users\ledin\.stmcufinder\plugins\mcufinder/ => C:\Users\ledin\.stmcufinder\plugins\mcufinder
2024-02-15 01:31:23,209 [INFO] DbMcusAds:125 - Set database path to: C:\Users\ledin\.stmcufinder\plugins\mcufinder//mcu/
2024-02-15 01:31:23,209 [WARN] DbFile:41 - Overriding database path with different value: C:\Users\ledin\.stmcufinder\plugins\mcufinder/ => C:\Users\ledin\.stmcufinder\plugins\mcufinder
2024-02-15 01:31:23,209 [WARN] DbFile:41 - Overriding database path with different value: C:\Users\ledin\.stmcufinder\plugins\mcufinder/ => C:\Users\ledin\.stmcufinder\plugins\mcufinder
2024-02-15 01:31:23,209 [INFO] CrossReferenceDbSqlite:203 - Set database path to: C:\Users\ledin\.stmcufinder\plugins\mcufinder//mcu/cs/
2024-02-15 01:31:23,227 [INFO] ApplicationProperties:184 - Using Application install path: O:\STM32CubeIDE_1.13.2\STM32CubeIDE\plugins\com.st.stm32cube.common.mx_6.9.2.202309101412
2024-02-15 01:31:23,230 [INFO] PluginManage:196 - Search for loadable plugins [exclusion list=, ]
2024-02-15 01:31:23,232 [INFO] PluginManage:310 - Check plugin analytics
2024-02-15 01:31:23,402 [INFO] AnalyticsPlugin:253 - Accepted Software Licenses: STM32CubeMX.6.8.1,STM32CubeMX.6.9.2
2024-02-15 01:31:23,402 [INFO] AnalyticsPlugin:255 - Accepted CMSIS Pack Licenses: 
2024-02-15 01:31:23,402 [INFO] AnalyticsPlugin:257 - Accepted Firmware Licenses: FW.F4.1.27.0
2024-02-15 01:31:23,405 [INFO] PluginManage:359 - Loaded plugin analytics (category:tool,tabindex:-1)
2024-02-15 01:31:23,406 [INFO] PluginManage:310 - Check plugin cadmodel
2024-02-15 01:31:23,412 [INFO] CADModel:105 - Init CAD model plugin
2024-02-15 01:31:23,412 [INFO] PluginManage:359 - Loaded plugin cadmodel (category:power,tabindex:5)
2024-02-15 01:31:23,413 [INFO] PluginManage:310 - Check plugin clock
2024-02-15 01:31:23,423 [INFO] PluginManage:359 - Loaded plugin clock (category:base,tabindex:2)
2024-02-15 01:31:23,423 [INFO] PluginManage:310 - Check plugin ddr
2024-02-15 01:31:23,426 [INFO] PluginManage:359 - Loaded plugin ddr (category:tool,tabindex:6)
2024-02-15 01:31:23,426 [INFO] PluginManage:310 - Check plugin filemanager
2024-02-15 01:31:23,569 [INFO] PluginManage:359 - Loaded plugin filemanager (category:base,tabindex:10)
2024-02-15 01:31:23,570 [INFO] PluginManage:310 - Check plugin ipmanager
2024-02-15 01:31:23,576 [INFO] PluginManage:359 - Loaded plugin ipmanager (category:base,tabindex:5)
2024-02-15 01:31:23,576 [INFO] PluginManage:310 - Check plugin lpbam
2024-02-15 01:31:23,584 [INFO] PluginManage:359 - Loaded plugin lpbam (category:base,tabindex:0)
2024-02-15 01:31:23,584 [INFO] PluginManage:310 - Check plugin memorymap
2024-02-15 01:31:23,599 [INFO] PluginManage:359 - Loaded plugin memorymap (category:base,tabindex:4)
2024-02-15 01:31:23,599 [INFO] PluginManage:310 - Check plugin pinoutandconfiguration
2024-02-15 01:31:23,607 [INFO] PluginManage:359 - Loaded plugin pinoutandconfiguration (category:base,tabindex:1)
2024-02-15 01:31:23,607 [INFO] PluginManage:310 - Check plugin pinoutconfig
2024-02-15 01:31:23,712 [WARN] SupportedApi:132 - Cannot load RTOS API schema: s4s-elt-must-match.1: The content of 'definitions' must match (annotation?, (simpleType | complexType)?, (unique | key | keyref)*)). A problem was found starting at: attribute.
2024-02-15 01:31:23,877 [INFO] PluginManage:359 - Loaded plugin pinoutconfig (category:base,tabindex:0)
2024-02-15 01:31:23,878 [INFO] PluginManage:310 - Check plugin power
2024-02-15 01:31:23,896 [INFO] PluginManage:359 - Loaded plugin power (category:power,tabindex:4)
2024-02-15 01:31:23,896 [INFO] PluginManage:310 - Check plugin projectmanager
2024-02-15 01:31:23,916 [INFO] PluginManage:359 - Loaded plugin projectmanager (category:projectmanager,tabindex:3)
2024-02-15 01:31:23,916 [INFO] PluginManage:310 - Check plugin thirdparty
2024-02-15 01:31:24,082 [INFO] PluginManage:359 - Loaded plugin thirdparty (category:base,tabindex:-1)
2024-02-15 01:31:24,082 [WARN] IntegrityCheckThread:84 - waiting for thirdparty lock release [integrity check]
2024-02-15 01:31:24,082 [INFO] PluginManage:310 - Check plugin tools
2024-02-15 01:31:24,082 [INFO] IntegrityCheckThread:86 - entering critical section [integrity check]
2024-02-15 01:31:24,082 [INFO] ThirdPartyUpdaterWithRetryManager:70 - Updater plugin not ready yet. [1/15]
2024-02-15 01:31:24,084 [INFO] PluginManage:359 - Loaded plugin tools (category:base,tabindex:7)
2024-02-15 01:31:24,085 [INFO] PluginManage:310 - Check plugin tutovideos
2024-02-15 01:31:24,273 [INFO] PluginManage:359 - Loaded plugin tutovideos (category:base,tabindex:-1)
2024-02-15 01:31:24,273 [INFO] PluginManage:310 - Check plugin updater
2024-02-15 01:31:24,288 [INFO] PluginManage:359 - Loaded plugin updater (category:base,tabindex:12)
2024-02-15 01:31:24,288 [INFO] PluginManage:310 - Check plugin userauth
2024-02-15 01:31:24,294 [INFO] UserAuth:113 - Init User Auth plugin
2024-02-15 01:31:24,294 [INFO] PluginManage:359 - Loaded plugin userauth (category:base,tabindex:14)
2024-02-15 01:31:24,294 [INFO] PluginManage:283 - PluginManage : Loaded plugins [17]
2024-02-15 01:31:24,512 [INFO] PinOutPanel:1499 - setPackage(No Configuration,No Configuration)
2024-02-15 01:31:24,614 [INFO] CADModel:165 - CPN selected for project level
2024-02-15 01:31:24,615 [INFO] CADModel:114 - Register for checkConnection events
2024-02-15 01:31:24,632 [INFO] IPUIPlugin:80 - create IPUIPlugin
2024-02-15 01:31:24,632 [INFO] PluginManager:220 - loadIPPluginJar : add adc
2024-02-15 01:31:24,634 [INFO] IPUIPlugin:80 - create IPUIPlugin
2024-02-15 01:31:24,634 [INFO] PluginManager:220 - loadIPPluginJar : add aes
2024-02-15 01:31:24,636 [INFO] IPUIPlugin:80 - create IPUIPlugin
2024-02-15 01:31:24,636 [INFO] PluginManager:220 - loadIPPluginJar : add can
2024-02-15 01:31:24,638 [INFO] IPUIPlugin:80 - create IPUIPlugin
2024-02-15 01:31:24,638 [INFO] PluginManager:220 - loadIPPluginJar : add comp
2024-02-15 01:31:24,639 [INFO] IPUIPlugin:80 - create IPUIPlugin
2024-02-15 01:31:24,639 [INFO] PluginManager:220 - loadIPPluginJar : add cryp
2024-02-15 01:31:24,641 [INFO] IPUIPlugin:80 - create IPUIPlugin
2024-02-15 01:31:24,641 [INFO] PluginManager:220 - loadIPPluginJar : add dfsdm
2024-02-15 01:31:24,646 [INFO] IPUIPlugin:80 - create IPUIPlugin
2024-02-15 01:31:24,646 [INFO] PluginManager:220 - loadIPPluginJar : add dma
2024-02-15 01:31:24,649 [INFO] IPUIPlugin:80 - create IPUIPlugin
2024-02-15 01:31:24,649 [INFO] PluginManager:220 - loadIPPluginJar : add dma3
2024-02-15 01:31:24,650 [INFO] IPUIPlugin:80 - create IPUIPlugin
2024-02-15 01:31:24,650 [INFO] PluginManager:220 - loadIPPluginJar : add fatfs
2024-02-15 01:31:24,654 [INFO] IPUIPlugin:80 - create IPUIPlugin
2024-02-15 01:31:24,654 [INFO] PluginManager:220 - loadIPPluginJar : add fmc
2024-02-15 01:31:24,660 [INFO] IPUIPlugin:80 - create IPUIPlugin
2024-02-15 01:31:24,661 [INFO] PluginManager:220 - loadIPPluginJar : add freertos
2024-02-15 01:31:24,662 [INFO] IPUIPlugin:80 - create IPUIPlugin
2024-02-15 01:31:24,662 [INFO] PluginManager:220 - loadIPPluginJar : add genericplugin
2024-02-15 01:31:24,664 [INFO] IPUIPlugin:80 - create IPUIPlugin
2024-02-15 01:31:24,664 [INFO] PluginManager:220 - loadIPPluginJar : add gfxmmu
2024-02-15 01:31:24,671 [INFO] IPUIPlugin:80 - create IPUIPlugin
2024-02-15 01:31:24,672 [INFO] PluginManager:220 - loadIPPluginJar : add gic
2024-02-15 01:31:24,676 [INFO] IPUIPlugin:80 - create IPUIPlugin
2024-02-15 01:31:24,677 [INFO] PluginManager:220 - loadIPPluginJar : add gpio
2024-02-15 01:31:24,679 [INFO] IPUIPlugin:80 - create IPUIPlugin
2024-02-15 01:31:24,679 [INFO] PluginManager:220 - loadIPPluginJar : add gtzc
2024-02-15 01:31:24,681 [INFO] IPUIPlugin:80 - create IPUIPlugin
2024-02-15 01:31:24,681 [INFO] PluginManager:220 - loadIPPluginJar : add hash
2024-02-15 01:31:24,684 [INFO] IPUIPlugin:80 - create IPUIPlugin
2024-02-15 01:31:24,684 [INFO] PluginManager:220 - loadIPPluginJar : add i2c
2024-02-15 01:31:24,687 [INFO] IPUIPlugin:80 - create IPUIPlugin
2024-02-15 01:31:24,687 [INFO] PluginManager:220 - loadIPPluginJar : add i2s
2024-02-15 01:31:24,691 [INFO] IPUIPlugin:80 - create IPUIPlugin
2024-02-15 01:31:24,691 [INFO] PluginManager:220 - loadIPPluginJar : add i3c
2024-02-15 01:31:24,694 [INFO] IPUIPlugin:80 - create IPUIPlugin
2024-02-15 01:31:24,694 [INFO] PluginManager:220 - loadIPPluginJar : add ipddr
2024-02-15 01:31:24,704 [INFO] IPUIPlugin:80 - create IPUIPlugin
2024-02-15 01:31:24,704 [INFO] PluginManager:220 - loadIPPluginJar : add linkedlist
2024-02-15 01:31:24,707 [INFO] IPUIPlugin:80 - create IPUIPlugin
2024-02-15 01:31:24,707 [INFO] PluginManager:220 - loadIPPluginJar : add lorawan
2024-02-15 01:31:24,710 [INFO] IPUIPlugin:80 - create IPUIPlugin
2024-02-15 01:31:24,710 [INFO] PluginManager:220 - loadIPPluginJar : add ltdc
2024-02-15 01:31:24,718 [INFO] IPUIPlugin:80 - create IPUIPlugin
2024-02-15 01:31:24,718 [INFO] PluginManager:220 - loadIPPluginJar : add mdma
2024-02-15 01:31:24,724 [INFO] IPUIPlugin:80 - create IPUIPlugin
2024-02-15 01:31:24,724 [INFO] PluginManager:220 - loadIPPluginJar : add nvic
2024-02-15 01:31:24,727 [INFO] IPUIPlugin:80 - create IPUIPlugin
2024-02-15 01:31:24,727 [INFO] PluginManager:220 - loadIPPluginJar : add opamp
2024-02-15 01:31:24,731 [INFO] IPUIPlugin:80 - create IPUIPlugin
2024-02-15 01:31:24,731 [INFO] PluginManager:220 - loadIPPluginJar : add openamp
2024-02-15 01:31:24,734 [INFO] IPUIPlugin:80 - create IPUIPlugin
2024-02-15 01:31:24,734 [INFO] PluginManager:220 - loadIPPluginJar : add pdm2pcm
2024-02-15 01:31:24,742 [INFO] IPUIPlugin:80 - create IPUIPlugin
2024-02-15 01:31:24,745 [INFO] PluginManager:220 - loadIPPluginJar : add plateformsettings
2024-02-15 01:31:24,747 [INFO] IPUIPlugin:80 - create IPUIPlugin
2024-02-15 01:31:24,747 [INFO] PluginManager:220 - loadIPPluginJar : add quadspi
2024-02-15 01:31:24,753 [INFO] IPUIPlugin:80 - create IPUIPlugin
2024-02-15 01:31:24,753 [INFO] PluginManager:220 - loadIPPluginJar : add resmgrutility
2024-02-15 01:31:24,756 [INFO] IPUIPlugin:80 - create IPUIPlugin
2024-02-15 01:31:24,756 [INFO] PluginManager:220 - loadIPPluginJar : add sai
2024-02-15 01:31:24,758 [INFO] IPUIPlugin:80 - create IPUIPlugin
2024-02-15 01:31:24,758 [INFO] PluginManager:220 - loadIPPluginJar : add spi
2024-02-15 01:31:24,763 [INFO] IPUIPlugin:80 - create IPUIPlugin
2024-02-15 01:31:24,763 [INFO] PluginManager:220 - loadIPPluginJar : add stm32_wpan
2024-02-15 01:31:24,766 [INFO] IPUIPlugin:80 - create IPUIPlugin
2024-02-15 01:31:24,766 [INFO] PluginManager:220 - loadIPPluginJar : add tim
2024-02-15 01:31:24,771 [INFO] IPUIPlugin:80 - create IPUIPlugin
2024-02-15 01:31:24,771 [INFO] PluginManager:220 - loadIPPluginJar : add touchsensing
2024-02-15 01:31:24,773 [INFO] IPUIPlugin:80 - create IPUIPlugin
2024-02-15 01:31:24,773 [INFO] PluginManager:220 - loadIPPluginJar : add tracer_emb
2024-02-15 01:31:24,775 [INFO] IPUIPlugin:80 - create IPUIPlugin
2024-02-15 01:31:24,775 [INFO] PluginManager:220 - loadIPPluginJar : add ts
2024-02-15 01:31:24,777 [INFO] IPUIPlugin:80 - create IPUIPlugin
2024-02-15 01:31:24,777 [INFO] PluginManager:220 - loadIPPluginJar : add tsc
2024-02-15 01:31:24,780 [INFO] IPUIPlugin:80 - create IPUIPlugin
2024-02-15 01:31:24,780 [INFO] PluginManager:220 - loadIPPluginJar : add ucpd
2024-02-15 01:31:24,782 [INFO] IPUIPlugin:80 - create IPUIPlugin
2024-02-15 01:31:24,782 [INFO] PluginManager:220 - loadIPPluginJar : add usart
2024-02-15 01:31:24,785 [INFO] IPUIPlugin:80 - create IPUIPlugin
2024-02-15 01:31:24,786 [INFO] PluginManager:220 - loadIPPluginJar : add usbx
2024-02-15 01:31:24,903 [INFO] CADModel:165 - CPN selected for project level
2024-02-15 01:31:24,903 [INFO] CADModel:114 - Register for checkConnection events
2024-02-15 01:31:24,903 [FATAL] Updater:308 - Updater called before beeing initialized
2024-02-15 01:31:24,904 [ERROR] CADModel:125 - Updater not yet initialized, retry later 
2024-02-15 01:31:25,077 [INFO] CADModel:165 - CPN selected for project level
2024-02-15 01:31:25,077 [INFO] CADModel:114 - Register for checkConnection events
2024-02-15 01:31:25,077 [FATAL] Updater:308 - Updater called before beeing initialized
2024-02-15 01:31:25,077 [ERROR] CADModel:125 - Updater not yet initialized, retry later 
2024-02-15 01:31:25,082 [FATAL] Updater:308 - Updater called before beeing initialized
2024-02-15 01:31:25,194 [FATAL] Updater:308 - Updater called before beeing initialized
2024-02-15 01:31:25,201 [INFO] DbMcusAds:53 - JSON generation date=Wed Nov 29 17:52:27 ICT 2023 (1701255147200)
2024-02-15 01:31:25,201 [FATAL] Updater:308 - Updater called before beeing initialized
2024-02-15 01:31:25,248 [WARN] DetailPanel:346 - Failed to get advertising image, set to default
2024-02-15 01:31:25,323 [FATAL] Updater:308 - Updater called before beeing initialized
2024-02-15 01:31:25,325 [FATAL] Updater:308 - Updater called before beeing initialized
2024-02-15 01:31:25,325 [FATAL] Updater:308 - Updater called before beeing initialized
2024-02-15 01:31:25,325 [WARN] DetailPanel:346 - Failed to get advertising image, set to default
2024-02-15 01:31:25,325 [FATAL] Updater:308 - Updater called before beeing initialized
2024-02-15 01:31:25,376 [ERROR] Updater:1120 - MainUpdater not yet initialized. External WinMGr cannot be set.
2024-02-15 01:31:25,379 [INFO] Updater:1056 - Updater Version found : 6.9.2
2024-02-15 01:31:25,405 [INFO] ApplicationProperties:184 - Using Application install path: O:\STM32CubeIDE_1.13.2\STM32CubeIDE\plugins\com.st.stm32cube.common.mx_6.9.2.202309101412
2024-02-15 01:31:25,653 [INFO] MainUpdater:2868 - connection check result : 10
2024-02-15 01:31:25,653 [INFO] MainUpdater:3562 - Updater definition file requires update
2024-02-15 01:31:25,654 [INFO] MainUpdater:285 - Updater Check For Update Now.
2024-02-15 01:31:25,654 [INFO] MicroXplorer:498 - Change Database Version : DB.6.0.92
2024-02-15 01:31:25,660 [INFO] McuFinderGlobals:63 - Set McuFinder mode to 2 (CubeIDE integrated)
2024-02-15 01:31:25,660 [INFO] UserAuth:179 - activating auth plugin
2024-02-15 01:31:25,663 [INFO] UserAuth:393 - Internet connection configuration mode: 1
2024-02-15 01:31:25,681 [INFO] JxBrowserEngine:151 - Initiate JxBrowser Engine with user profile folder
2024-02-15 01:31:25,704 [INFO] ServerAccessManage:473 - Download File updaters.zip
2024-02-15 01:31:25,820 [INFO] FileExtend:240 - Unzip File : updaters.zip
2024-02-15 01:31:25,820 [INFO] FileExtend:255 - Standard Zip Deflate
2024-02-15 01:31:26,116 [INFO] ServerAccessManage:473 - Download File PacksControlFlags.xml
2024-02-15 01:31:26,858 [INFO] WebApp:157 - Instantiating new browser for Auth
2024-02-15 01:31:27,084 [WARN] MainUpdater:1189 - Updater busy. Cannot search thirdparties
2024-02-15 01:31:27,084 [INFO] ThirdPartyUpdaterWithRetryManager:96 - Updater plugin is busy. [1/15]
2024-02-15 01:31:27,662 [INFO] ServerAccessManage:473 - Download File cubemx.pidx
2024-02-15 01:31:27,792 [INFO] LoadServerUpdatesThread:373 - End of LoadServerUpdate Thread
2024-02-15 01:31:27,931 [INFO] WebApp:753 - Register for checkConnection events
2024-02-15 01:31:27,931 [INFO] WebApp:390 - Apply proxy settings
2024-02-15 01:31:27,931 [INFO] WebApp:475 - Chromium requires no authentication
2024-02-15 01:31:27,940 [INFO] WebApp:418 - Direct internet connection detected
2024-02-15 01:31:27,968 [INFO] CheckServerUpdateThread:120 - End of CheckServer Thread
2024-02-15 01:31:28,143 [INFO] WebApp:188 - Starting web application
2024-02-15 01:31:28,143 [INFO] WebApp:520 - Web application path used O:\STM32CubeIDE_1.13.2\STM32CubeIDE\plugins\com.st.stm32cube.common.mx_6.9.2.202309101412\db\plugins\mcufinder\reactClient1\index.html
2024-02-15 01:31:30,273 [WARN] PackLoader:240 - Cannot read IP mode file for STMicroelectronics.X-CUBE-SMBUS.2.1.0
2024-02-15 01:31:30,285 [WARN] PackLoader:240 - Cannot read IP mode file for STMicroelectronics.X-CUBE-TOUCHGFX.4.23.0
2024-02-15 01:31:30,326 [WARN] PackLoader:240 - Cannot read IP mode file for STMicroelectronics.X-CUBE-AZRTOS-F7.1.1.0
2024-02-15 01:31:30,344 [WARN] PackLoader:240 - Cannot read IP mode file for STMicroelectronics.FP-SNS-MOTENV1.4.3.2
2024-02-15 01:31:30,356 [WARN] PackLoader:240 - Cannot read IP mode file for STMicroelectronics.FP-SNS-FLIGHT1.5.0.2
2024-02-15 01:31:30,370 [WARN] PackLoader:240 - Cannot read IP mode file for STMicroelectronics.X-CUBE-DISPLAY.3.0.0
2024-02-15 01:31:30,389 [WARN] PackLoader:240 - Cannot read IP mode file for STMicroelectronics.X-CUBE-BLE1.7.0.0
2024-02-15 01:31:30,397 [WARN] PackLoader:240 - Cannot read IP mode file for emotas.I-CUBE-CANOPEN.1.3.0
2024-02-15 01:31:30,403 [WARN] PackLoader:240 - Cannot read IP mode file for STMicroelectronics.X-CUBE-TOUCHGFX.4.22.1
2024-02-15 01:31:30,411 [WARN] PackLoader:240 - Cannot read IP mode file for STMicroelectronics.FP-SNS-SMARTAG2.1.2.0
2024-02-15 01:31:30,428 [INFO] LogOutputStream:77 - [STDOUT_REDIRECT] 1 : Invalid condition id : UX_CORESTACK_Condition cause : null
2024-02-15 01:31:30,428 [INFO] LogOutputStream:77 - [STDOUT_REDIRECT] 1 : Invalid condition id : UX_CORESTACK_Condition cause : null
2024-02-15 01:31:30,429 [INFO] LogOutputStream:77 - [STDOUT_REDIRECT] 1 : Invalid condition id : UX_CORESTACK_Condition cause : null
2024-02-15 01:31:30,432 [INFO] LogOutputStream:77 - [STDOUT_REDIRECT] 1 : Invalid condition id : UX_CORESTACK_Condition cause : null
2024-02-15 01:31:30,433 [INFO] LogOutputStream:77 - [STDOUT_REDIRECT] 1 : Invalid condition id : UX_CORESTACK_Condition cause : null
2024-02-15 01:31:30,442 [WARN] PackLoader:240 - Cannot read IP mode file for STMicroelectronics.X-CUBE-AZRTOS-WL.2.0.0
2024-02-15 01:31:30,457 [WARN] PackLoader:240 - Cannot read IP mode file for WES.I-CUBE-Cesium.1.3.0
2024-02-15 01:31:30,464 [WARN] PackLoader:240 - Cannot read IP mode file for STMicroelectronics.X-CUBE-BLE2.3.3.0
2024-02-15 01:31:30,475 [WARN] PackLoader:240 - Cannot read IP mode file for STMicroelectronics.X-CUBE-ALGOBUILD.1.3.0
2024-02-15 01:31:30,505 [WARN] PackLoader:240 - Cannot read IP mode file for STMicroelectronics.X-CUBE-AZRTOS-G0.1.1.0
2024-02-15 01:31:30,515 [WARN] PackLoader:240 - Cannot read IP mode file for STMicroelectronics.X-CUBE-NFC4.3.0.0
2024-02-15 01:31:30,531 [WARN] PackLoader:240 - Cannot read IP mode file for STMicroelectronics.X-CUBE-BLEMGR.3.0.0
2024-02-15 01:31:30,539 [WARN] PackLoader:240 - Cannot read IP mode file for STMicroelectronics.FP-ATR-SIGFOX1.3.2.0
2024-02-15 01:31:30,548 [WARN] PackLoader:240 - Cannot read IP mode file for STMicroelectronics.X-CUBE-EEPRMA1.5.1.0
2024-02-15 01:31:30,595 [WARN] PackLoader:240 - Cannot read IP mode file for SEGGER.I-CUBE-embOS.1.3.1
2024-02-15 01:31:30,663 [WARN] PackLoader:240 - Cannot read IP mode file for STMicroelectronics.X-CUBE-GNSS1.6.0.0
2024-02-15 01:31:30,683 [WARN] PackLoader:240 - Cannot read IP mode file for STMicroelectronics.X-CUBE-AZRTOS-F4.1.1.0
2024-02-15 01:31:30,693 [WARN] PackLoader:240 - Cannot read IP mode file for wolfSSL.I-CUBE-wolfSSL.5.6.4
2024-02-15 01:31:30,718 [WARN] PackLoader:240 - Cannot read IP mode file for STMicroelectronics.X-CUBE-AZRTOS-L5.2.0.0
2024-02-15 01:31:30,727 [WARN] PackLoader:240 - Cannot read IP mode file for STMicroelectronics.X-CUBE-EEPRMA1.4.2.0
2024-02-15 01:31:30,735 [WARN] PackLoader:240 - Cannot read IP mode file for ITTIA_DB.I-CUBE-ITTIADB.8.8.0
2024-02-15 01:31:30,762 [WARN] ConditionMgr:438 - getConditionDescription Invalid condition id : UX DEVICE CLASS RTOS Condition cause : null
2024-02-15 01:31:30,763 [WARN] ConditionMgr:438 - getConditionDescription Invalid condition id : UX DEVICE CLASS RTOS Condition cause : null
2024-02-15 01:31:30,769 [WARN] PackLoader:240 - Cannot read IP mode file for STMicroelectronics.X-CUBE-AZRTOS-H7.3.1.0
2024-02-15 01:31:30,770 [WARN] ConditionMgr:1039 - genDependencies : Invalid condition id : UX DEVICE CLASS RTOS Condition cause : null
2024-02-15 01:31:30,771 [WARN] ConditionMgr:1039 - genDependencies : Invalid condition id : UX DEVICE CLASS RTOS Condition cause : null
2024-02-15 01:31:30,772 [WARN] ConditionMgr:1039 - genDependencies : Invalid condition id : UX DEVICE CLASS RTOS Condition cause : null
2024-02-15 01:31:30,772 [WARN] ConditionMgr:1039 - genDependencies : Invalid condition id : UX DEVICE CLASS RTOS Condition cause : null
2024-02-15 01:31:30,772 [WARN] ConditionMgr:1039 - genDependencies : Invalid condition id : UX DEVICE CLASS RTOS Condition cause : null
2024-02-15 01:31:30,781 [WARN] PackLoader:240 - Cannot read IP mode file for STMicroelectronics.X-CUBE-NFC7.1.0.1
2024-02-15 01:31:30,791 [WARN] PackLoader:240 - Cannot read IP mode file for STMicroelectronics.X-CUBE-NFC6.3.0.0
2024-02-15 01:31:30,801 [WARN] PackLoader:240 - Cannot read IP mode file for STMicroelectronics.X-CUBE-AI.8.1.0
2024-02-15 01:31:30,825 [WARN] ConditionMgr:438 - getConditionDescription Invalid condition id : LAN8742 Phy interface Condition cause : null
2024-02-15 01:31:30,827 [WARN] PackLoader:240 - Cannot read IP mode file for STMicroelectronics.X-CUBE-AZRTOS-L4.2.0.0
2024-02-15 01:31:30,828 [WARN] ConditionMgr:1039 - genDependencies : Invalid condition id : LAN8742 Phy interface Condition cause : null
2024-02-15 01:31:30,829 [WARN] ConditionMgr:1039 - genDependencies : Invalid condition id : LAN8742 Phy interface Condition cause : null
2024-02-15 01:31:30,829 [WARN] ConditionMgr:1039 - genDependencies : Invalid condition id : LAN8742 Phy interface Condition cause : null
2024-02-15 01:31:30,840 [WARN] PackLoader:240 - Cannot read IP mode file for STMicroelectronics.X-CUBE-SFXS2LP1.4.0.0
2024-02-15 01:31:30,847 [WARN] PackLoader:240 - Cannot read IP mode file for STMicroelectronics.X-CUBE-ISPU.1.1.0
2024-02-15 01:31:30,867 [WARN] ConditionMgr:438 - getConditionDescription Invalid condition id : UX DEVICE CLASS RTOS Condition cause : null
2024-02-15 01:31:30,867 [WARN] ConditionMgr:438 - getConditionDescription Invalid condition id : UX DEVICE CLASS RTOS Condition cause : null
2024-02-15 01:31:30,872 [WARN] PackLoader:240 - Cannot read IP mode file for STMicroelectronics.X-CUBE-AZRTOS-WB.2.0.0
2024-02-15 01:31:30,873 [WARN] ConditionMgr:1039 - genDependencies : Invalid condition id : UX DEVICE CLASS RTOS Condition cause : null
2024-02-15 01:31:30,873 [WARN] ConditionMgr:1039 - genDependencies : Invalid condition id : UX DEVICE CLASS RTOS Condition cause : null
2024-02-15 01:31:30,874 [WARN] ConditionMgr:1039 - genDependencies : Invalid condition id : UX DEVICE CLASS RTOS Condition cause : null
2024-02-15 01:31:30,874 [WARN] ConditionMgr:1039 - genDependencies : Invalid condition id : UX DEVICE CLASS RTOS Condition cause : null
2024-02-15 01:31:30,874 [WARN] ConditionMgr:1039 - genDependencies : Invalid condition id : UX DEVICE CLASS RTOS Condition cause : null
2024-02-15 01:31:30,889 [WARN] PackLoader:240 - Cannot read IP mode file for STMicroelectronics.X-CUBE-SUBG2.5.0.0
2024-02-15 01:31:30,905 [WARN] PackLoader:240 - Cannot read IP mode file for STMicroelectronics.X-CUBE-TOF1.3.3.1
2024-02-15 01:31:30,934 [WARN] PackLoader:240 - Cannot read IP mode file for STMicroelectronics.X-CUBE-AZRTOS-G4.2.0.0
2024-02-15 01:31:30,951 [WARN] PackLoader:240 - Cannot read IP mode file for Infineon.AIROC-Wi-Fi-Bluetooth-STM32.1.5.1
2024-02-15 01:31:30,961 [WARN] PackLoader:240 - Cannot read IP mode file for STMicroelectronics.FP-SNS-MOTENVWB1.1.3.0
2024-02-15 01:31:30,968 [WARN] PackLoader:240 - Cannot read IP mode file for STMicroelectronics.FP-SNS-MOTENVWB1.1.3.1
2024-02-15 01:31:30,974 [WARN] PackLoader:240 - Cannot read IP mode file for STMicroelectronics.X-CUBE-ISPU.2.0.0
2024-02-15 01:31:31,039 [WARN] PackLoader:240 - Cannot read IP mode file for STMicroelectronics.X-CUBE-MEMS1.10.0.0
2024-02-15 01:31:31,211 [WARN] PackLoader:240 - Cannot read IP mode file for STMicroelectronics.X-CUBE-FREERTOS.1.1.0
2024-02-15 01:31:31,217 [WARN] PackLoader:240 - Cannot read IP mode file for portGmbH.I-Cube-SoM-uGOAL.1.1.0
2024-02-15 01:31:31,222 [WARN] PackLoader:240 - Cannot read IP mode file for STMicroelectronics.X-CUBE-ALS.1.0.1
2024-02-15 01:31:31,226 [WARN] PackLoader:240 - Cannot read IP mode file for STMicroelectronics.FP-ATR-ASTRA1.2.0.0
2024-02-15 01:31:31,241 [WARN] PackLoader:240 - Cannot read IP mode file for STMicroelectronics.X-CUBE-TOF1.3.4.0
2024-02-15 01:31:31,282 [WARN] PackLoader:240 - Cannot read IP mode file for STMicroelectronics.X-CUBE-AZRTOS-H7.3.2.0
2024-02-15 01:31:31,286 [INFO] ThirdParty:978 - Integrity check success = true
2024-02-15 01:31:31,286 [INFO] IntegrityCheckThread:100 - exiting critical section [integrity check]
2024-02-15 01:31:31,286 [INFO] IntegrityCheckThread:103 - End integrity checks thread
2024-02-15 01:31:48,894 [ERROR] LogOutputStream:75 - [STDERR_REDIRECT] SLF4J: Failed to load class "org.slf4j.impl.StaticLoggerBinder".
2024-02-15 01:31:48,896 [ERROR] LogOutputStream:75 - [STDERR_REDIRECT] SLF4J: Defaulting to no-operation (NOP) logger implementation
2024-02-15 01:31:48,897 [ERROR] LogOutputStream:75 - [STDERR_REDIRECT] SLF4J: See http://www.slf4j.org/codes.html#StaticLoggerBinder for further details.
